2022-01-20 05:29:32,901 CRIT Supervisor is running as root.  Privileges were not dropped because no user is specified in the config file.  If you intend to run as root, you can set user=root in the config file to avoid this message.
2022-01-20 05:29:32,901 INFO Included extra file "/etc/supervisord.d/httpd.ini" during parsing
2022-01-20 05:29:32,902 INFO Included extra file "/etc/supervisord.d/php-fpm.ini" during parsing
2022-01-20 05:29:32,902 INFO Included extra file "/etc/supervisord.d/redis.ini" during parsing
2022-01-20 05:29:32,902 INFO Included extra file "/etc/supervisord.d/varnish.ini" during parsing
2022-01-20 05:29:32,941 INFO RPC interface 'supervisor' initialized
2022-01-20 05:29:32,942 INFO RPC interface 'supervisor' initialized
2022-01-20 05:29:32,942 CRIT Server 'unix_http_server' running without any HTTP authentication checking
2022-01-20 05:29:32,942 INFO supervisord started with pid 1
2022-01-20 05:29:33,945 INFO spawned: 'httpd_00' with pid 9
2022-01-20 05:29:33,947 INFO spawned: 'redis-server_00' with pid 10
2022-01-20 05:29:33,949 INFO spawned: 'php-fpm_00' with pid 11
2022-01-20 05:29:33,952 INFO spawned: 'varnish_00' with pid 12
2022-01-20 05:29:35,441 INFO success: httpd_00 entered RUNNING state, process has stayed up for > than 1 seconds (startsecs)
2022-01-20 05:29:35,442 INFO success: php-fpm_00 entered RUNNING state, process has stayed up for > than 1 seconds (startsecs)
2022-01-20 05:29:35,442 INFO success: varnish_00 entered RUNNING state, process has stayed up for > than 1 seconds (startsecs)
2022-01-20 05:29:37,445 INFO success: redis-server_00 entered RUNNING state, process has stayed up for > than 3 seconds (startsecs)
2022-01-21 05:15:47,070 CRIT Supervisor is running as root.  Privileges were not dropped because no user is specified in the config file.  If you intend to run as root, you can set user=root in the config file to avoid this message.
2022-01-21 05:15:47,070 INFO Included extra file "/etc/supervisord.d/httpd.ini" during parsing
2022-01-21 05:15:47,070 INFO Included extra file "/etc/supervisord.d/php-fpm.ini" during parsing
2022-01-21 05:15:47,070 INFO Included extra file "/etc/supervisord.d/redis.ini" during parsing
2022-01-21 05:15:47,071 INFO Included extra file "/etc/supervisord.d/varnish.ini" during parsing
2022-01-21 05:15:47,126 INFO RPC interface 'supervisor' initialized
2022-01-21 05:15:47,429 INFO RPC interface 'supervisor' initialized
2022-01-21 05:15:47,429 CRIT Server 'unix_http_server' running without any HTTP authentication checking
2022-01-21 05:15:47,429 INFO supervisord started with pid 1
2022-01-21 05:15:48,431 INFO spawned: 'httpd_00' with pid 10
2022-01-21 05:15:48,433 INFO spawned: 'redis-server_00' with pid 11
2022-01-21 05:15:48,435 INFO spawned: 'php-fpm_00' with pid 12
2022-01-21 05:15:48,438 INFO spawned: 'varnish_00' with pid 13
2022-01-21 05:15:49,836 INFO success: httpd_00 entered RUNNING state, process has stayed up for > than 1 seconds (startsecs)
2022-01-21 05:15:49,838 INFO success: php-fpm_00 entered RUNNING state, process has stayed up for > than 1 seconds (startsecs)
2022-01-21 05:15:49,839 INFO success: varnish_00 entered RUNNING state, process has stayed up for > than 1 seconds (startsecs)
2022-01-21 05:15:51,843 INFO success: redis-server_00 entered RUNNING state, process has stayed up for > than 3 seconds (startsecs)
